<?xml version="1.0" encoding="UTF-8"?>
<!-- Generated by org.testng.reporters.JUnitReportReporter -->
<testsuite hostname="DESKTOP-OJFEH9S" failures="0" tests="1" name="githubaction.login" time="17.005" errors="0" timestamp="2023-08-28T13:06:58 IST" skipped="0">
  <testcase classname="githubaction.login" name="test" time="17.005"/>
  <system-out/>
</testsuite> <!-- githubaction.login -->
